<?xml version="1.0" encoding="UTF-8"?>
<testng-results ignored="0" total="14" passed="12" failed="2" skipped="0">
  <reporter-output>
  </reporter-output>
  <suite started-at="2024-02-28T15:31:04 IST" name="Suite" finished-at="2024-02-28T15:34:52 IST" duration-ms="227699">
    <groups>
      <group name="regression">
        <method signature="TC003_Form.HomePage()[pri:8, instance:TestCases.TC003_Form@223d2c72]" name="HomePage" class="TestCases.TC003_Form"/>
        <method signature="TC003_Form.ForEnterprise()[pri:9, instance:TestCases.TC003_Form@223d2c72]" name="ForEnterprise" class="TestCases.TC003_Form"/>
        <method signature="TC003_Form.Solutions()[pri:10, instance:TestCases.TC003_Form@223d2c72]" name="Solutions" class="TestCases.TC003_Form"/>
        <method signature="TC003_Form.ForCampus()[pri:11, instance:TestCases.TC003_Form@223d2c72]" name="ForCampus" class="TestCases.TC003_Form"/>
        <method signature="TC003_Form.Form()[pri:12, instance:TestCases.TC003_Form@223d2c72]" name="Form" class="TestCases.TC003_Form"/>
        <method signature="TC003_Form.FormSubmit()[pri:13, instance:TestCases.TC003_Form@223d2c72]" name="FormSubmit" class="TestCases.TC003_Form"/>
        <method signature="TC003_Form.CaptureError()[pri:14, instance:TestCases.TC003_Form@223d2c72]" name="CaptureError" class="TestCases.TC003_Form"/>
      </group> <!-- regression -->
      <group name="sanity">
        <method signature="TC001_SearchwebDev.search_course()[pri:1, instance:TestCases.TC001_SearchwebDev@3a93b025]" name="search_course" class="TestCases.TC001_SearchwebDev"/>
        <method signature="TC001_SearchwebDev.SelectLanguageFilter()[pri:2, instance:TestCases.TC001_SearchwebDev@3a93b025]" name="SelectLanguageFilter" class="TestCases.TC001_SearchwebDev"/>
        <method signature="TC001_SearchwebDev.SelectLevelFilter()[pri:3, instance:TestCases.TC001_SearchwebDev@3a93b025]" name="SelectLevelFilter" class="TestCases.TC001_SearchwebDev"/>
        <method signature="TC001_SearchwebDev.course_list()[pri:4, instance:TestCases.TC001_SearchwebDev@3a93b025]" name="course_list" class="TestCases.TC001_SearchwebDev"/>
        <method signature="TC002_LanguageAndLevels.Languagecount()[pri:5, instance:TestCases.TC002_LanguageAndLevels@36902638]" name="Languagecount" class="TestCases.TC002_LanguageAndLevels"/>
        <method signature="TC002_LanguageAndLevels.ClickOnApply()[pri:6, instance:TestCases.TC002_LanguageAndLevels@36902638]" name="ClickOnApply" class="TestCases.TC002_LanguageAndLevels"/>
        <method signature="TC002_LanguageAndLevels.Levels()[pri:7, instance:TestCases.TC002_LanguageAndLevels@36902638]" name="Levels" class="TestCases.TC002_LanguageAndLevels"/>
        <method signature="TC003_Form.HomePage()[pri:8, instance:TestCases.TC003_Form@223d2c72]" name="HomePage" class="TestCases.TC003_Form"/>
        <method signature="TC003_Form.ForEnterprise()[pri:9, instance:TestCases.TC003_Form@223d2c72]" name="ForEnterprise" class="TestCases.TC003_Form"/>
        <method signature="TC003_Form.Solutions()[pri:10, instance:TestCases.TC003_Form@223d2c72]" name="Solutions" class="TestCases.TC003_Form"/>
        <method signature="TC003_Form.ForCampus()[pri:11, instance:TestCases.TC003_Form@223d2c72]" name="ForCampus" class="TestCases.TC003_Form"/>
      </group> <!-- sanity -->
      <group name="master">
        <method signature="TC001_SearchwebDev.search_course()[pri:1, instance:TestCases.TC001_SearchwebDev@3a93b025]" name="search_course" class="TestCases.TC001_SearchwebDev"/>
        <method signature="TC001_SearchwebDev.SelectLanguageFilter()[pri:2, instance:TestCases.TC001_SearchwebDev@3a93b025]" name="SelectLanguageFilter" class="TestCases.TC001_SearchwebDev"/>
        <method signature="TC001_SearchwebDev.SelectLevelFilter()[pri:3, instance:TestCases.TC001_SearchwebDev@3a93b025]" name="SelectLevelFilter" class="TestCases.TC001_SearchwebDev"/>
        <method signature="TC001_SearchwebDev.course_list()[pri:4, instance:TestCases.TC001_SearchwebDev@3a93b025]" name="course_list" class="TestCases.TC001_SearchwebDev"/>
        <method signature="TC002_LanguageAndLevels.Languagecount()[pri:5, instance:TestCases.TC002_LanguageAndLevels@36902638]" name="Languagecount" class="TestCases.TC002_LanguageAndLevels"/>
        <method signature="TC002_LanguageAndLevels.ClickOnApply()[pri:6, instance:TestCases.TC002_LanguageAndLevels@36902638]" name="ClickOnApply" class="TestCases.TC002_LanguageAndLevels"/>
        <method signature="TC002_LanguageAndLevels.Levels()[pri:7, instance:TestCases.TC002_LanguageAndLevels@36902638]" name="Levels" class="TestCases.TC002_LanguageAndLevels"/>
        <method signature="TC003_Form.HomePage()[pri:8, instance:TestCases.TC003_Form@223d2c72]" name="HomePage" class="TestCases.TC003_Form"/>
        <method signature="TC003_Form.ForEnterprise()[pri:9, instance:TestCases.TC003_Form@223d2c72]" name="ForEnterprise" class="TestCases.TC003_Form"/>
        <method signature="TC003_Form.Solutions()[pri:10, instance:TestCases.TC003_Form@223d2c72]" name="Solutions" class="TestCases.TC003_Form"/>
        <method signature="TC003_Form.ForCampus()[pri:11, instance:TestCases.TC003_Form@223d2c72]" name="ForCampus" class="TestCases.TC003_Form"/>
        <method signature="TC003_Form.Form()[pri:12, instance:TestCases.TC003_Form@223d2c72]" name="Form" class="TestCases.TC003_Form"/>
        <method signature="TC003_Form.FormSubmit()[pri:13, instance:TestCases.TC003_Form@223d2c72]" name="FormSubmit" class="TestCases.TC003_Form"/>
        <method signature="TC003_Form.CaptureError()[pri:14, instance:TestCases.TC003_Form@223d2c72]" name="CaptureError" class="TestCases.TC003_Form"/>
      </group> <!-- master -->
    </groups>
    <test started-at="2024-02-28T15:31:04 IST" name="Test" finished-at="2024-02-28T15:34:52 IST" duration-ms="227699">
      <class name="TestCases.TC002_LanguageAndLevels">
        <test-method signature="Languagecount()[pri:5, instance:TestCases.TC002_LanguageAndLevels@36902638]" started-at="2024-02-28T15:33:36 IST" name="Languagecount" finished-at="2024-02-28T15:33:46 IST" duration-ms="9854" status="PASS">
          <reporter-output>
          </reporter-output>
        </test-method> <!-- Languagecount -->
        <test-method signature="ClickOnApply()[pri:6, instance:TestCases.TC002_LanguageAndLevels@36902638]" started-at="2024-02-28T15:33:46 IST" name="ClickOnApply" finished-at="2024-02-28T15:33:48 IST" duration-ms="2087" status="PASS">
          <reporter-output>
          </reporter-output>
        </test-method> <!-- ClickOnApply -->
        <test-method signature="Levels()[pri:7, instance:TestCases.TC002_LanguageAndLevels@36902638]" started-at="2024-02-28T15:33:49 IST" name="Levels" finished-at="2024-02-28T15:33:53 IST" duration-ms="3680" status="PASS">
          <reporter-output>
          </reporter-output>
        </test-method> <!-- Levels -->
      </class> <!-- TestCases.TC002_LanguageAndLevels -->
      <class name="TestCases.TC001_SearchwebDev">
        <test-method is-config="true" signature="Setup(java.lang.String,java.lang.String)[pri:0, instance:TestCases.TC001_SearchwebDev@3a93b025]" started-at="2024-02-28T15:31:05 IST" name="Setup" finished-at="2024-02-28T15:32:55 IST" duration-ms="109202" status="PASS">
          <params>
            <param index="0">
              <value>
                <![CDATA[Chrome]]>
              </value>
            </param>
            <param index="1">
              <value>
                <![CDATA[windows]]>
              </value>
            </param>
          </params>
          <reporter-output>
          </reporter-output>
        </test-method> <!-- Setup -->
        <test-method signature="search_course()[pri:1, instance:TestCases.TC001_SearchwebDev@3a93b025]" started-at="2024-02-28T15:32:55 IST" name="search_course" finished-at="2024-02-28T15:33:08 IST" duration-ms="13111" status="PASS">
          <reporter-output>
          </reporter-output>
        </test-method> <!-- search_course -->
        <test-method signature="SelectLanguageFilter()[pri:2, instance:TestCases.TC001_SearchwebDev@3a93b025]" started-at="2024-02-28T15:33:09 IST" name="SelectLanguageFilter" finished-at="2024-02-28T15:33:13 IST" duration-ms="4107" status="PASS">
          <reporter-output>
          </reporter-output>
        </test-method> <!-- SelectLanguageFilter -->
        <test-method signature="SelectLevelFilter()[pri:3, instance:TestCases.TC001_SearchwebDev@3a93b025]" started-at="2024-02-28T15:33:13 IST" name="SelectLevelFilter" finished-at="2024-02-28T15:33:14 IST" duration-ms="1056" status="PASS">
          <reporter-output>
          </reporter-output>
        </test-method> <!-- SelectLevelFilter -->
        <test-method signature="course_list()[pri:4, instance:TestCases.TC001_SearchwebDev@3a93b025]" started-at="2024-02-28T15:33:15 IST" name="course_list" finished-at="2024-02-28T15:33:35 IST" duration-ms="19922" status="PASS">
          <reporter-output>
          </reporter-output>
        </test-method> <!-- course_list -->
        <test-method is-config="true" signature="tearDown()[pri:0, instance:TestCases.TC001_SearchwebDev@3a93b025]" started-at="2024-02-28T15:34:50 IST" name="tearDown" finished-at="2024-02-28T15:34:52 IST" duration-ms="1799" status="PASS">
          <reporter-output>
          </reporter-output>
        </test-method> <!-- tearDown -->
      </class> <!-- TestCases.TC001_SearchwebDev -->
      <class name="TestCases.TC003_Form">
        <test-method signature="HomePage()[pri:8, instance:TestCases.TC003_Form@223d2c72]" started-at="2024-02-28T15:33:53 IST" name="HomePage" finished-at="2024-02-28T15:34:04 IST" duration-ms="11126" status="PASS">
          <reporter-output>
          </reporter-output>
        </test-method> <!-- HomePage -->
        <test-method signature="ForEnterprise()[pri:9, instance:TestCases.TC003_Form@223d2c72]" started-at="2024-02-28T15:34:04 IST" name="ForEnterprise" finished-at="2024-02-28T15:34:25 IST" duration-ms="20974" status="PASS">
          <reporter-output>
          </reporter-output>
        </test-method> <!-- ForEnterprise -->
        <test-method signature="Solutions()[pri:10, instance:TestCases.TC003_Form@223d2c72]" started-at="2024-02-28T15:34:26 IST" name="Solutions" finished-at="2024-02-28T15:34:28 IST" duration-ms="1445" status="PASS">
          <reporter-output>
          </reporter-output>
        </test-method> <!-- Solutions -->
        <test-method signature="ForCampus()[pri:11, instance:TestCases.TC003_Form@223d2c72]" started-at="2024-02-28T15:34:28 IST" name="ForCampus" finished-at="2024-02-28T15:34:37 IST" duration-ms="8864" status="PASS">
          <reporter-output>
          </reporter-output>
        </test-method> <!-- ForCampus -->
        <test-method signature="Form()[pri:12, instance:TestCases.TC003_Form@223d2c72]" started-at="2024-02-28T15:34:38 IST" name="Form" finished-at="2024-02-28T15:34:43 IST" duration-ms="4556" status="PASS">
          <reporter-output>
          </reporter-output>
        </test-method> <!-- Form -->
        <test-method signature="FormSubmit()[pri:13, instance:TestCases.TC003_Form@223d2c72]" started-at="2024-02-28T15:34:43 IST" name="FormSubmit" finished-at="2024-02-28T15:34:45 IST" duration-ms="1302" status="FAIL">
          <exception class="org.openqa.selenium.ElementClickInterceptedException">
            <message>
              <![CDATA[element click intercepted: Element <span class="mktoButtonWrap mktoRound" style="margin-left: 110px;">...</span> is not clickable at point (947, 527). Other element would receive the click: <iframe class="drift-frame-controller" scrolling="no" title="Drift Widget Chat Controller" allow="autoplay; encrypted-media; fullscreen;" frameborder="0" src="https://js.driftt.com/core?d=1&amp;embedId=mpta5ez37rme&amp;eId=mpta5ez37rme&amp;region=US&amp;forceShow=false&amp;skipCampaigns=false&amp;sessionId=5b563c49-ab2e-4fb9-9b61-0beb4861a733&amp;sessionStarted=1709114663.311&amp;campaignRefreshToken=ba839356-ff42-47bd-882a-5ff8d4d6b4ff&amp;hideController=false&amp;pageLoadStartTime=1709114671775&amp;mode=CHAT&amp;driftEnableLog=false&amp;secureIframe=false&amp;u=https%3A%2F%2Fwww.coursera.org%2Fcampus%3Futm_campaign%3Dwebsite%26utm_content%3Dcorp-to-home-footer-for-enterprise%26utm_medium%3Dcoursera%26utm_source%3Denterprise" style="background: transparent; width: 360px; max-width: 100%; height: 100px; border: none;"></iframe>
  (Session info: chrome=120.0.6099.130)
Build info: version: '4.17.0', revision: 'e52b1be057*'
System info: os.name: 'Windows 11', os.arch: 'amd64', os.version: '10.0', java.version: '17.0.2'
Driver info: org.openqa.selenium.chrome.ChromeDriver
Command: [d3a51b9e88547c52999ba05d13243f3b, clickElement {id=41E10B74BBF36FF68C21FD8566CB50E9_element_353}]
Capabilities {acceptInsecureCerts: false, browserName: chrome, browserVersion: 120.0.6099.130, chrome: {chromedriverVersion: 120.0.6099.109 (3419140ab66..., userDataDir: C:\Users\2303703\AppData\Lo...}, fedcm:accounts: true, goog:chromeOptions: {debuggerAddress: localhost:54715}, networkConnectionEnabled: false, pageLoadStrategy: normal, platformName: windows, proxy: Proxy(), se:cdp: ws://localhost:54715/devtoo..., se:cdpVersion: 120.0.6099.130, setWindowRect: true, strictFileInteractability: false, timeouts: {implicit: 0, pageLoad: 300000, script: 30000}, unhandledPromptBehavior: dismiss and notify, webauthn:extension:credBlob: true, webauthn:extension:largeBlob: true, webauthn:extension:minPinLength: true, webauthn:extension:prf: true, webauthn:virtualAuthenticators: true}
Element: [[ChromeDriver: chrome on windows (d3a51b9e88547c52999ba05d13243f3b)] -> xpath: //span[@class='mktoButtonWrap mktoRound']]
Session ID: d3a51b9e88547c52999ba05d13243f3b]]>
            </message>
            <full-stacktrace>
              <![CDATA[org.openqa.selenium.ElementClickInterceptedException: element click intercepted: Element <span class="mktoButtonWrap mktoRound" style="margin-left: 110px;">...</span> is not clickable at point (947, 527). Other element would receive the click: <iframe class="drift-frame-controller" scrolling="no" title="Drift Widget Chat Controller" allow="autoplay; encrypted-media; fullscreen;" frameborder="0" src="https://js.driftt.com/core?d=1&amp;embedId=mpta5ez37rme&amp;eId=mpta5ez37rme&amp;region=US&amp;forceShow=false&amp;skipCampaigns=false&amp;sessionId=5b563c49-ab2e-4fb9-9b61-0beb4861a733&amp;sessionStarted=1709114663.311&amp;campaignRefreshToken=ba839356-ff42-47bd-882a-5ff8d4d6b4ff&amp;hideController=false&amp;pageLoadStartTime=1709114671775&amp;mode=CHAT&amp;driftEnableLog=false&amp;secureIframe=false&amp;u=https%3A%2F%2Fwww.coursera.org%2Fcampus%3Futm_campaign%3Dwebsite%26utm_content%3Dcorp-to-home-footer-for-enterprise%26utm_medium%3Dcoursera%26utm_source%3Denterprise" style="background: transparent; width: 360px; max-width: 100%; height: 100px; border: none;"></iframe>
  (Session info: chrome=120.0.6099.130)
Build info: version: '4.17.0', revision: 'e52b1be057*'
System info: os.name: 'Windows 11', os.arch: 'amd64', os.version: '10.0', java.version: '17.0.2'
Driver info: org.openqa.selenium.chrome.ChromeDriver
Command: [d3a51b9e88547c52999ba05d13243f3b, clickElement {id=41E10B74BBF36FF68C21FD8566CB50E9_element_353}]
Capabilities {acceptInsecureCerts: false, browserName: chrome, browserVersion: 120.0.6099.130, chrome: {chromedriverVersion: 120.0.6099.109 (3419140ab66..., userDataDir: C:\Users\2303703\AppData\Lo...}, fedcm:accounts: true, goog:chromeOptions: {debuggerAddress: localhost:54715}, networkConnectionEnabled: false, pageLoadStrategy: normal, platformName: windows, proxy: Proxy(), se:cdp: ws://localhost:54715/devtoo..., se:cdpVersion: 120.0.6099.130, setWindowRect: true, strictFileInteractability: false, timeouts: {implicit: 0, pageLoad: 300000, script: 30000}, unhandledPromptBehavior: dismiss and notify, webauthn:extension:credBlob: true, webauthn:extension:largeBlob: true, webauthn:extension:minPinLength: true, webauthn:extension:prf: true, webauthn:virtualAuthenticators: true}
Element: [[ChromeDriver: chrome on windows (d3a51b9e88547c52999ba05d13243f3b)] -> xpath: //span[@class='mktoButtonWrap mktoRound']]
Session ID: d3a51b9e88547c52999ba05d13243f3b
at java.base/jdk.internal.reflect.NativeConstructorAccessorImpl.newInstance0(Native Method)
at java.base/jdk.internal.reflect.NativeConstructorAccessorImpl.newInstance(NativeConstructorAccessorImpl.java:77)
at java.base/jdk.internal.reflect.DelegatingConstructorAccessorImpl.newInstance(DelegatingConstructorAccessorImpl.java:45)
at java.base/java.lang.reflect.Constructor.newInstanceWithCaller(Constructor.java:499)
at java.base/java.lang.reflect.Constructor.newInstance(Constructor.java:480)
at org.openqa.selenium.remote.codec.w3c.W3CHttpResponseCodec.createException(W3CHttpResponseCodec.java:185)
at org.openqa.selenium.remote.codec.w3c.W3CHttpResponseCodec.decode(W3CHttpResponseCodec.java:134)
at org.openqa.selenium.remote.codec.w3c.W3CHttpResponseCodec.decode(W3CHttpResponseCodec.java:51)
at org.openqa.selenium.remote.HttpCommandExecutor.execute(HttpCommandExecutor.java:190)
at org.openqa.selenium.remote.service.DriverCommandExecutor.invokeExecute(DriverCommandExecutor.java:216)
at org.openqa.selenium.remote.service.DriverCommandExecutor.execute(DriverCommandExecutor.java:174)
at org.openqa.selenium.remote.RemoteWebDriver.execute(RemoteWebDriver.java:519)
at org.openqa.selenium.remote.RemoteWebElement.execute(RemoteWebElement.java:223)
at org.openqa.selenium.remote.RemoteWebElement.click(RemoteWebElement.java:76)
at java.base/jdk.internal.reflect.NativeMethodAccessorImpl.invoke0(Native Method)
at java.base/jdk.internal.reflect.NativeMethodAccessorImpl.invoke(NativeMethodAccessorImpl.java:77)
at java.base/jdk.internal.reflect.DelegatingMethodAccessorImpl.invoke(DelegatingMethodAccessorImpl.java:43)
at java.base/java.lang.reflect.Method.invoke(Method.java:568)
at org.openqa.selenium.support.pagefactory.internal.LocatingElementHandler.invoke(LocatingElementHandler.java:51)
at jdk.proxy2/jdk.proxy2.$Proxy27.click(Unknown Source)
at PageObject.java.HomePage.button(HomePage.java:140)
at TestCases.TC003_Form.FormSubmit(TC003_Form.java:65)
at java.base/jdk.internal.reflect.NativeMethodAccessorImpl.invoke0(Native Method)
at java.base/jdk.internal.reflect.NativeMethodAccessorImpl.invoke(NativeMethodAccessorImpl.java:77)
at java.base/jdk.internal.reflect.DelegatingMethodAccessorImpl.invoke(DelegatingMethodAccessorImpl.java:43)
at java.base/java.lang.reflect.Method.invoke(Method.java:568)
at org.testng.internal.invokers.MethodInvocationHelper.invokeMethod(MethodInvocationHelper.java:139)
at org.testng.internal.invokers.TestInvoker.invokeMethod(TestInvoker.java:664)
at org.testng.internal.invokers.TestInvoker.invokeTestMethod(TestInvoker.java:228)
at org.testng.internal.invokers.MethodRunner.runInSequence(MethodRunner.java:63)
at org.testng.internal.invokers.TestInvoker$MethodInvocationAgent.invoke(TestInvoker.java:961)
at org.testng.internal.invokers.TestInvoker.invokeTestMethods(TestInvoker.java:201)
at org.testng.internal.invokers.TestMethodWorker.invokeTestMethods(TestMethodWorker.java:148)
at org.testng.internal.invokers.TestMethodWorker.run(TestMethodWorker.java:128)
at java.base/java.util.ArrayList.forEach(ArrayList.java:1511)
at org.testng.TestRunner.privateRun(TestRunner.java:819)
at org.testng.TestRunner.run(TestRunner.java:619)
at org.testng.SuiteRunner.runTest(SuiteRunner.java:443)
at org.testng.SuiteRunner.runSequentially(SuiteRunner.java:437)
at org.testng.SuiteRunner.privateRun(SuiteRunner.java:397)
at org.testng.SuiteRunner.run(SuiteRunner.java:336)
at org.testng.SuiteRunnerWorker.runSuite(SuiteRunnerWorker.java:52)
at org.testng.SuiteRunnerWorker.run(SuiteRunnerWorker.java:95)
at org.testng.TestNG.runSuitesSequentially(TestNG.java:1301)
at org.testng.TestNG.runSuitesLocally(TestNG.java:1228)
at org.testng.TestNG.runSuites(TestNG.java:1134)
at org.testng.TestNG.run(TestNG.java:1101)
at org.apache.maven.surefire.testng.TestNGExecutor.run(TestNGExecutor.java:308)
at org.apache.maven.surefire.testng.TestNGXmlTestSuite.execute(TestNGXmlTestSuite.java:71)
at org.apache.maven.surefire.testng.TestNGProvider.invoke(TestNGProvider.java:113)
at org.apache.maven.surefire.booter.ForkedBooter.runSuitesInProcess(ForkedBooter.java:385)
at org.apache.maven.surefire.booter.ForkedBooter.execute(ForkedBooter.java:162)
at org.apache.maven.surefire.booter.ForkedBooter.run(ForkedBooter.java:507)
at org.apache.maven.surefire.booter.ForkedBooter.main(ForkedBooter.java:495)
]]>
            </full-stacktrace>
          </exception> <!-- org.openqa.selenium.ElementClickInterceptedException -->
          <reporter-output>
          </reporter-output>
        </test-method> <!-- FormSubmit -->
        <test-method signature="CaptureError()[pri:14, instance:TestCases.TC003_Form@223d2c72]" started-at="2024-02-28T15:34:45 IST" name="CaptureError" finished-at="2024-02-28T15:34:50 IST" duration-ms="5055" status="FAIL">
          <exception class="org.openqa.selenium.NoSuchElementException">
            <message>
              <![CDATA[no such element: Unable to locate element: {"method":"xpath","selector":"//div[@id='ValidMsgEmail']"}
  (Session info: chrome=120.0.6099.130)
For documentation on this error, please visit: https://www.selenium.dev/documentation/webdriver/troubleshooting/errors#no-such-element-exception
Build info: version: '4.17.0', revision: 'e52b1be057*'
System info: os.name: 'Windows 11', os.arch: 'amd64', os.version: '10.0', java.version: '17.0.2'
Driver info: org.openqa.selenium.chrome.ChromeDriver
Command: [d3a51b9e88547c52999ba05d13243f3b, findElement {value=//div[@id='ValidMsgEmail'], using=xpath}]
Capabilities {acceptInsecureCerts: false, browserName: chrome, browserVersion: 120.0.6099.130, chrome: {chromedriverVersion: 120.0.6099.109 (3419140ab66..., userDataDir: C:\Users\2303703\AppData\Lo...}, fedcm:accounts: true, goog:chromeOptions: {debuggerAddress: localhost:54715}, networkConnectionEnabled: false, pageLoadStrategy: normal, platformName: windows, proxy: Proxy(), se:cdp: ws://localhost:54715/devtoo..., se:cdpVersion: 120.0.6099.130, setWindowRect: true, strictFileInteractability: false, timeouts: {implicit: 0, pageLoad: 300000, script: 30000}, unhandledPromptBehavior: dismiss and notify, webauthn:extension:credBlob: true, webauthn:extension:largeBlob: true, webauthn:extension:minPinLength: true, webauthn:extension:prf: true, webauthn:virtualAuthenticators: true}
Session ID: d3a51b9e88547c52999ba05d13243f3b]]>
            </message>
            <full-stacktrace>
              <![CDATA[org.openqa.selenium.NoSuchElementException: no such element: Unable to locate element: {"method":"xpath","selector":"//div[@id='ValidMsgEmail']"}
  (Session info: chrome=120.0.6099.130)
For documentation on this error, please visit: https://www.selenium.dev/documentation/webdriver/troubleshooting/errors#no-such-element-exception
Build info: version: '4.17.0', revision: 'e52b1be057*'
System info: os.name: 'Windows 11', os.arch: 'amd64', os.version: '10.0', java.version: '17.0.2'
Driver info: org.openqa.selenium.chrome.ChromeDriver
Command: [d3a51b9e88547c52999ba05d13243f3b, findElement {value=//div[@id='ValidMsgEmail'], using=xpath}]
Capabilities {acceptInsecureCerts: false, browserName: chrome, browserVersion: 120.0.6099.130, chrome: {chromedriverVersion: 120.0.6099.109 (3419140ab66..., userDataDir: C:\Users\2303703\AppData\Lo...}, fedcm:accounts: true, goog:chromeOptions: {debuggerAddress: localhost:54715}, networkConnectionEnabled: false, pageLoadStrategy: normal, platformName: windows, proxy: Proxy(), se:cdp: ws://localhost:54715/devtoo..., se:cdpVersion: 120.0.6099.130, setWindowRect: true, strictFileInteractability: false, timeouts: {implicit: 0, pageLoad: 300000, script: 30000}, unhandledPromptBehavior: dismiss and notify, webauthn:extension:credBlob: true, webauthn:extension:largeBlob: true, webauthn:extension:minPinLength: true, webauthn:extension:prf: true, webauthn:virtualAuthenticators: true}
Session ID: d3a51b9e88547c52999ba05d13243f3b
at java.base/jdk.internal.reflect.NativeConstructorAccessorImpl.newInstance0(Native Method)
at java.base/jdk.internal.reflect.NativeConstructorAccessorImpl.newInstance(NativeConstructorAccessorImpl.java:77)
at java.base/jdk.internal.reflect.DelegatingConstructorAccessorImpl.newInstance(DelegatingConstructorAccessorImpl.java:45)
at java.base/java.lang.reflect.Constructor.newInstanceWithCaller(Constructor.java:499)
at java.base/java.lang.reflect.Constructor.newInstance(Constructor.java:480)
at org.openqa.selenium.remote.codec.w3c.W3CHttpResponseCodec.createException(W3CHttpResponseCodec.java:185)
at org.openqa.selenium.remote.codec.w3c.W3CHttpResponseCodec.decode(W3CHttpResponseCodec.java:134)
at org.openqa.selenium.remote.codec.w3c.W3CHttpResponseCodec.decode(W3CHttpResponseCodec.java:51)
at org.openqa.selenium.remote.HttpCommandExecutor.execute(HttpCommandExecutor.java:190)
at org.openqa.selenium.remote.service.DriverCommandExecutor.invokeExecute(DriverCommandExecutor.java:216)
at org.openqa.selenium.remote.service.DriverCommandExecutor.execute(DriverCommandExecutor.java:174)
at org.openqa.selenium.remote.RemoteWebDriver.execute(RemoteWebDriver.java:519)
at org.openqa.selenium.remote.ElementLocation$ElementFinder$2.findElement(ElementLocation.java:165)
at org.openqa.selenium.remote.ElementLocation.findElement(ElementLocation.java:59)
at org.openqa.selenium.remote.RemoteWebDriver.findElement(RemoteWebDriver.java:356)
at org.openqa.selenium.remote.RemoteWebDriver.findElement(RemoteWebDriver.java:350)
at org.openqa.selenium.support.pagefactory.DefaultElementLocator.findElement(DefaultElementLocator.java:68)
at org.openqa.selenium.support.pagefactory.internal.LocatingElementHandler.invoke(LocatingElementHandler.java:38)
at jdk.proxy2/jdk.proxy2.$Proxy27.getText(Unknown Source)
at PageObject.java.HomePage.ErrorMessage(HomePage.java:146)
at TestCases.TC003_Form.CaptureError(TC003_Form.java:73)
at java.base/jdk.internal.reflect.NativeMethodAccessorImpl.invoke0(Native Method)
at java.base/jdk.internal.reflect.NativeMethodAccessorImpl.invoke(NativeMethodAccessorImpl.java:77)
at java.base/jdk.internal.reflect.DelegatingMethodAccessorImpl.invoke(DelegatingMethodAccessorImpl.java:43)
at java.base/java.lang.reflect.Method.invoke(Method.java:568)
at org.testng.internal.invokers.MethodInvocationHelper.invokeMethod(MethodInvocationHelper.java:139)
at org.testng.internal.invokers.TestInvoker.invokeMethod(TestInvoker.java:664)
at org.testng.internal.invokers.TestInvoker.invokeTestMethod(TestInvoker.java:228)
at org.testng.internal.invokers.MethodRunner.runInSequence(MethodRunner.java:63)
at org.testng.internal.invokers.TestInvoker$MethodInvocationAgent.invoke(TestInvoker.java:961)
at org.testng.internal.invokers.TestInvoker.invokeTestMethods(TestInvoker.java:201)
at org.testng.internal.invokers.TestMethodWorker.invokeTestMethods(TestMethodWorker.java:148)
at org.testng.internal.invokers.TestMethodWorker.run(TestMethodWorker.java:128)
at java.base/java.util.ArrayList.forEach(ArrayList.java:1511)
at org.testng.TestRunner.privateRun(TestRunner.java:819)
at org.testng.TestRunner.run(TestRunner.java:619)
at org.testng.SuiteRunner.runTest(SuiteRunner.java:443)
at org.testng.SuiteRunner.runSequentially(SuiteRunner.java:437)
at org.testng.SuiteRunner.privateRun(SuiteRunner.java:397)
at org.testng.SuiteRunner.run(SuiteRunner.java:336)
at org.testng.SuiteRunnerWorker.runSuite(SuiteRunnerWorker.java:52)
at org.testng.SuiteRunnerWorker.run(SuiteRunnerWorker.java:95)
at org.testng.TestNG.runSuitesSequentially(TestNG.java:1301)
at org.testng.TestNG.runSuitesLocally(TestNG.java:1228)
at org.testng.TestNG.runSuites(TestNG.java:1134)
at org.testng.TestNG.run(TestNG.java:1101)
at org.apache.maven.surefire.testng.TestNGExecutor.run(TestNGExecutor.java:308)
at org.apache.maven.surefire.testng.TestNGXmlTestSuite.execute(TestNGXmlTestSuite.java:71)
at org.apache.maven.surefire.testng.TestNGProvider.invoke(TestNGProvider.java:113)
at org.apache.maven.surefire.booter.ForkedBooter.runSuitesInProcess(ForkedBooter.java:385)
at org.apache.maven.surefire.booter.ForkedBooter.execute(ForkedBooter.java:162)
at org.apache.maven.surefire.booter.ForkedBooter.run(ForkedBooter.java:507)
at org.apache.maven.surefire.booter.ForkedBooter.main(ForkedBooter.java:495)
]]>
            </full-stacktrace>
          </exception> <!-- org.openqa.selenium.NoSuchElementException -->
          <reporter-output>
          </reporter-output>
        </test-method> <!-- CaptureError -->
      </class> <!-- TestCases.TC003_Form -->
    </test> <!-- Test -->
  </suite> <!-- Suite -->
</testng-results>
