<?xml version="1.0" encoding="UTF-8"?>
<testng-results ignored="4" total="18" passed="10" failed="4" skipped="0">
  <reporter-output>
  </reporter-output>
  <suite started-at="2024-02-27T22:02:04 IST" name="Suite" finished-at="2024-02-27T22:06:26 IST" duration-ms="261987">
    <groups>
      <group name="regression">
        <method signature="TC003_Form.CaptureError()[pri:14, instance:TestCases.TC003_Form@506ae4d4]" name="CaptureError" class="TestCases.TC003_Form"/>
        <method signature="TC003_Form.Form()[pri:12, instance:TestCases.TC003_Form@506ae4d4]" name="Form" class="TestCases.TC003_Form"/>
        <method signature="TC003_Form.FormSubmit()[pri:13, instance:TestCases.TC003_Form@506ae4d4]" name="FormSubmit" class="TestCases.TC003_Form"/>
      </group> <!-- regression -->
      <group name="sanity">
        <method signature="TC001_SearchwebDev.SelectLanguageFilter()[pri:2, instance:TestCases.TC001_SearchwebDev@4b0d79fc]" name="SelectLanguageFilter" class="TestCases.TC001_SearchwebDev"/>
        <method signature="TC001_SearchwebDev.SelectLevelFilter()[pri:3, instance:TestCases.TC001_SearchwebDev@4b0d79fc]" name="SelectLevelFilter" class="TestCases.TC001_SearchwebDev"/>
        <method signature="TC001_SearchwebDev.course_list()[pri:4, instance:TestCases.TC001_SearchwebDev@4b0d79fc]" name="course_list" class="TestCases.TC001_SearchwebDev"/>
        <method signature="TC001_SearchwebDev.search_course()[pri:1, instance:TestCases.TC001_SearchwebDev@4b0d79fc]" name="search_course" class="TestCases.TC001_SearchwebDev"/>
        <method signature="TC002_LanguageAndLevels.ClickOnApply()[pri:6, instance:TestCases.TC002_LanguageAndLevels@48aca48b]" name="ClickOnApply" class="TestCases.TC002_LanguageAndLevels"/>
        <method signature="TC002_LanguageAndLevels.Languagecount()[pri:5, instance:TestCases.TC002_LanguageAndLevels@48aca48b]" name="Languagecount" class="TestCases.TC002_LanguageAndLevels"/>
        <method signature="TC002_LanguageAndLevels.Levels()[pri:7, instance:TestCases.TC002_LanguageAndLevels@48aca48b]" name="Levels" class="TestCases.TC002_LanguageAndLevels"/>
        <method signature="TC003_Form.ForCampus()[pri:11, instance:TestCases.TC003_Form@506ae4d4]" name="ForCampus" class="TestCases.TC003_Form"/>
        <method signature="TC003_Form.ForEnterprise()[pri:9, instance:TestCases.TC003_Form@506ae4d4]" name="ForEnterprise" class="TestCases.TC003_Form"/>
        <method signature="TC003_Form.HomePage()[pri:8, instance:TestCases.TC003_Form@506ae4d4]" name="HomePage" class="TestCases.TC003_Form"/>
        <method signature="TC003_Form.Solutions()[pri:10, instance:TestCases.TC003_Form@506ae4d4]" name="Solutions" class="TestCases.TC003_Form"/>
      </group> <!-- sanity -->
      <group name="master">
        <method signature="TC001_SearchwebDev.SelectLanguageFilter()[pri:2, instance:TestCases.TC001_SearchwebDev@4b0d79fc]" name="SelectLanguageFilter" class="TestCases.TC001_SearchwebDev"/>
        <method signature="TC001_SearchwebDev.SelectLevelFilter()[pri:3, instance:TestCases.TC001_SearchwebDev@4b0d79fc]" name="SelectLevelFilter" class="TestCases.TC001_SearchwebDev"/>
        <method signature="TC001_SearchwebDev.course_list()[pri:4, instance:TestCases.TC001_SearchwebDev@4b0d79fc]" name="course_list" class="TestCases.TC001_SearchwebDev"/>
        <method signature="TC001_SearchwebDev.search_course()[pri:1, instance:TestCases.TC001_SearchwebDev@4b0d79fc]" name="search_course" class="TestCases.TC001_SearchwebDev"/>
        <method signature="TC002_LanguageAndLevels.ClickOnApply()[pri:6, instance:TestCases.TC002_LanguageAndLevels@48aca48b]" name="ClickOnApply" class="TestCases.TC002_LanguageAndLevels"/>
        <method signature="TC002_LanguageAndLevels.Languagecount()[pri:5, instance:TestCases.TC002_LanguageAndLevels@48aca48b]" name="Languagecount" class="TestCases.TC002_LanguageAndLevels"/>
        <method signature="TC002_LanguageAndLevels.Levels()[pri:7, instance:TestCases.TC002_LanguageAndLevels@48aca48b]" name="Levels" class="TestCases.TC002_LanguageAndLevels"/>
        <method signature="TC003_Form.CaptureError()[pri:14, instance:TestCases.TC003_Form@506ae4d4]" name="CaptureError" class="TestCases.TC003_Form"/>
        <method signature="TC003_Form.ForCampus()[pri:11, instance:TestCases.TC003_Form@506ae4d4]" name="ForCampus" class="TestCases.TC003_Form"/>
        <method signature="TC003_Form.ForEnterprise()[pri:9, instance:TestCases.TC003_Form@506ae4d4]" name="ForEnterprise" class="TestCases.TC003_Form"/>
        <method signature="TC003_Form.Form()[pri:12, instance:TestCases.TC003_Form@506ae4d4]" name="Form" class="TestCases.TC003_Form"/>
        <method signature="TC003_Form.FormSubmit()[pri:13, instance:TestCases.TC003_Form@506ae4d4]" name="FormSubmit" class="TestCases.TC003_Form"/>
        <method signature="TC003_Form.HomePage()[pri:8, instance:TestCases.TC003_Form@506ae4d4]" name="HomePage" class="TestCases.TC003_Form"/>
        <method signature="TC003_Form.Solutions()[pri:10, instance:TestCases.TC003_Form@506ae4d4]" name="Solutions" class="TestCases.TC003_Form"/>
      </group> <!-- master -->
    </groups>
    <test started-at="2024-02-27T22:02:04 IST" name="Test" finished-at="2024-02-27T22:06:26 IST" duration-ms="261987">
      <class name="TestCases.TC001_SearchwebDev">
        <test-method is-config="true" signature="Setup(java.lang.String,java.lang.String)[pri:0, instance:TestCases.TC001_SearchwebDev@4b0d79fc]" started-at="2024-02-27T22:02:05 IST" name="Setup" finished-at="2024-02-27T22:04:18 IST" duration-ms="132722" status="PASS">
          <params>
            <param index="0">
              <value>
                <![CDATA[Chrome]]>
              </value>
            </param>
            <param index="1">
              <value>
                <![CDATA[windows]]>
              </value>
            </param>
          </params>
          <reporter-output>
          </reporter-output>
        </test-method> <!-- Setup -->
        <test-method signature="search_course()[pri:1, instance:TestCases.TC001_SearchwebDev@4b0d79fc]" started-at="2024-02-27T22:04:18 IST" name="search_course" finished-at="2024-02-27T22:04:41 IST" duration-ms="23460" status="PASS">
          <reporter-output>
          </reporter-output>
        </test-method> <!-- search_course -->
        <test-method signature="SelectLanguageFilter()[pri:2, instance:TestCases.TC001_SearchwebDev@4b0d79fc]" started-at="2024-02-27T22:04:42 IST" name="SelectLanguageFilter" finished-at="2024-02-27T22:04:45 IST" duration-ms="3221" status="PASS">
          <reporter-output>
          </reporter-output>
        </test-method> <!-- SelectLanguageFilter -->
        <test-method signature="SelectLevelFilter()[pri:3, instance:TestCases.TC001_SearchwebDev@4b0d79fc]" started-at="2024-02-27T22:04:46 IST" name="SelectLevelFilter" finished-at="2024-02-27T22:04:48 IST" duration-ms="1949" status="PASS">
          <reporter-output>
          </reporter-output>
        </test-method> <!-- SelectLevelFilter -->
        <test-method signature="course_list()[pri:4, instance:TestCases.TC001_SearchwebDev@4b0d79fc]" started-at="2024-02-27T22:04:48 IST" name="course_list" finished-at="2024-02-27T22:05:09 IST" duration-ms="20801" status="PASS">
          <reporter-output>
          </reporter-output>
        </test-method> <!-- course_list -->
        <test-method is-config="true" signature="tearDown()[pri:0, instance:TestCases.TC001_SearchwebDev@4b0d79fc]" started-at="2024-02-27T22:06:17 IST" name="tearDown" finished-at="2024-02-27T22:06:26 IST" duration-ms="8644" status="PASS">
          <reporter-output>
          </reporter-output>
        </test-method> <!-- tearDown -->
      </class> <!-- TestCases.TC001_SearchwebDev -->
      <class name="TestCases.TC002_LanguageAndLevels">
        <test-method signature="Languagecount()[pri:5, instance:TestCases.TC002_LanguageAndLevels@48aca48b]" started-at="2024-02-27T22:05:10 IST" name="Languagecount" finished-at="2024-02-27T22:05:21 IST" duration-ms="11165" status="PASS">
          <reporter-output>
          </reporter-output>
        </test-method> <!-- Languagecount -->
        <test-method signature="ClickOnApply()[pri:6, instance:TestCases.TC002_LanguageAndLevels@48aca48b]" started-at="2024-02-27T22:05:22 IST" name="ClickOnApply" finished-at="2024-02-27T22:05:24 IST" duration-ms="1922" status="PASS">
          <reporter-output>
          </reporter-output>
        </test-method> <!-- ClickOnApply -->
        <test-method signature="Levels()[pri:7, instance:TestCases.TC002_LanguageAndLevels@48aca48b]" started-at="2024-02-27T22:05:24 IST" name="Levels" finished-at="2024-02-27T22:05:28 IST" duration-ms="3784" status="PASS">
          <reporter-output>
          </reporter-output>
        </test-method> <!-- Levels -->
      </class> <!-- TestCases.TC002_LanguageAndLevels -->
      <class name="TestCases.TC003_Form">
        <test-method signature="HomePage()[pri:8, instance:TestCases.TC003_Form@506ae4d4]" started-at="2024-02-27T22:05:29 IST" name="HomePage" finished-at="2024-02-27T22:05:37 IST" duration-ms="7989" status="PASS">
          <reporter-output>
          </reporter-output>
        </test-method> <!-- HomePage -->
        <test-method signature="ForEnterprise()[pri:9, instance:TestCases.TC003_Form@506ae4d4]" started-at="2024-02-27T22:05:37 IST" name="ForEnterprise" finished-at="2024-02-27T22:05:59 IST" duration-ms="21345" status="PASS">
          <reporter-output>
          </reporter-output>
        </test-method> <!-- ForEnterprise -->
        <test-method signature="Solutions()[pri:10, instance:TestCases.TC003_Form@506ae4d4]" started-at="2024-02-27T22:06:00 IST" name="Solutions" finished-at="2024-02-27T22:06:01 IST" duration-ms="1753" status="PASS">
          <reporter-output>
          </reporter-output>
        </test-method> <!-- Solutions -->
        <test-method signature="ForCampus()[pri:11, instance:TestCases.TC003_Form@506ae4d4]" started-at="2024-02-27T22:06:02 IST" name="ForCampus" finished-at="2024-02-27T22:06:05 IST" duration-ms="3359" status="FAIL">
          <exception class="org.openqa.selenium.ElementClickInterceptedException">
            <message>
              <![CDATA[element click intercepted: Element <p class="cds-119 css-1cg99il cds-121">...</p> is not clickable at point (943, 427). Other element would receive the click: <iframe class="drift-frame-controller" scrolling="no" title="Drift Widget Chat Controller" allow="autoplay; encrypted-media; fullscreen;" frameborder="0" src="https://js.driftt.com/core?d=1&amp;embedId=mpta5ez37rme&amp;eId=mpta5ez37rme&amp;region=US&amp;forceShow=false&amp;skipCampaigns=false&amp;sessionId=4ebb834d-0d60-4458-a33e-1de6e9d38b35&amp;sessionStarted=1709051755.722&amp;campaignRefreshToken=ef723e2a-b9d4-41b4-a8bf-efd28f8b9abb&amp;hideController=false&amp;pageLoadStartTime=1709051741177&amp;mode=CHAT&amp;driftEnableLog=false&amp;secureIframe=false&amp;u=https%3A%2F%2Fwww.coursera.org%2Fbusiness%3Futm_campaign%3Dwebsite%26utm_content%3Dcorp-to-home-footer-for-enterprise%26utm_medium%3Dcoursera%26utm_source%3Denterprise" style="background: transparent; width: 360px; max-width: 100%; height: 100px; border: none;"></iframe>
  (Session info: chrome=120.0.6099.130)
Build info: version: '4.17.0', revision: 'e52b1be057*'
System info: os.name: 'Windows 11', os.arch: 'amd64', os.version: '10.0', java.version: '17.0.9'
Driver info: org.openqa.selenium.remote.RemoteWebDriver
Command: [38850e29936ef96301c020082054d5c3, clickElement {id=881CFC2A5BB949FA24BD0CCAEBF0EF41_element_284}]
Capabilities {acceptInsecureCerts: false, browserName: chrome, browserVersion: 120.0.6099.130, chrome: {chromedriverVersion: 120.0.6099.109 (3419140ab66..., userDataDir: C:\Users\2303703\AppData\Lo...}, fedcm:accounts: true, goog:chromeOptions: {debuggerAddress: localhost:62009}, networkConnectionEnabled: false, pageLoadStrategy: normal, platformName: Windows 11, proxy: Proxy(), se:bidiEnabled: false, se:cdp: ws://192.168.43.145:4444/se..., se:cdpVersion: 120.0.6099.130, setWindowRect: true, strictFileInteractability: false, timeouts: {implicit: 0, pageLoad: 300000, script: 30000}, unhandledPromptBehavior: dismiss and notify, webauthn:extension:credBlob: true, webauthn:extension:largeBlob: true, webauthn:extension:minPinLength: true, webauthn:extension:prf: true, webauthn:virtualAuthenticators: true}
Element: [[RemoteWebDriver: chrome on Windows 11 (38850e29936ef96301c020082054d5c3)] -> xpath: //p[text()='Coursera for Campus']]
Session ID: 38850e29936ef96301c020082054d5c3]]>
            </message>
            <full-stacktrace>
              <![CDATA[org.openqa.selenium.ElementClickInterceptedException: element click intercepted: Element <p class="cds-119 css-1cg99il cds-121">...</p> is not clickable at point (943, 427). Other element would receive the click: <iframe class="drift-frame-controller" scrolling="no" title="Drift Widget Chat Controller" allow="autoplay; encrypted-media; fullscreen;" frameborder="0" src="https://js.driftt.com/core?d=1&amp;embedId=mpta5ez37rme&amp;eId=mpta5ez37rme&amp;region=US&amp;forceShow=false&amp;skipCampaigns=false&amp;sessionId=4ebb834d-0d60-4458-a33e-1de6e9d38b35&amp;sessionStarted=1709051755.722&amp;campaignRefreshToken=ef723e2a-b9d4-41b4-a8bf-efd28f8b9abb&amp;hideController=false&amp;pageLoadStartTime=1709051741177&amp;mode=CHAT&amp;driftEnableLog=false&amp;secureIframe=false&amp;u=https%3A%2F%2Fwww.coursera.org%2Fbusiness%3Futm_campaign%3Dwebsite%26utm_content%3Dcorp-to-home-footer-for-enterprise%26utm_medium%3Dcoursera%26utm_source%3Denterprise" style="background: transparent; width: 360px; max-width: 100%; height: 100px; border: none;"></iframe>
  (Session info: chrome=120.0.6099.130)
Build info: version: '4.17.0', revision: 'e52b1be057*'
System info: os.name: 'Windows 11', os.arch: 'amd64', os.version: '10.0', java.version: '17.0.9'
Driver info: org.openqa.selenium.remote.RemoteWebDriver
Command: [38850e29936ef96301c020082054d5c3, clickElement {id=881CFC2A5BB949FA24BD0CCAEBF0EF41_element_284}]
Capabilities {acceptInsecureCerts: false, browserName: chrome, browserVersion: 120.0.6099.130, chrome: {chromedriverVersion: 120.0.6099.109 (3419140ab66..., userDataDir: C:\Users\2303703\AppData\Lo...}, fedcm:accounts: true, goog:chromeOptions: {debuggerAddress: localhost:62009}, networkConnectionEnabled: false, pageLoadStrategy: normal, platformName: Windows 11, proxy: Proxy(), se:bidiEnabled: false, se:cdp: ws://192.168.43.145:4444/se..., se:cdpVersion: 120.0.6099.130, setWindowRect: true, strictFileInteractability: false, timeouts: {implicit: 0, pageLoad: 300000, script: 30000}, unhandledPromptBehavior: dismiss and notify, webauthn:extension:credBlob: true, webauthn:extension:largeBlob: true, webauthn:extension:minPinLength: true, webauthn:extension:prf: true, webauthn:virtualAuthenticators: true}
Element: [[RemoteWebDriver: chrome on Windows 11 (38850e29936ef96301c020082054d5c3)] -> xpath: //p[text()='Coursera for Campus']]
Session ID: 38850e29936ef96301c020082054d5c3
at java.base/jdk.internal.reflect.NativeConstructorAccessorImpl.newInstance0(Native Method)
at java.base/jdk.internal.reflect.NativeConstructorAccessorImpl.newInstance(NativeConstructorAccessorImpl.java:77)
at java.base/jdk.internal.reflect.DelegatingConstructorAccessorImpl.newInstance(DelegatingConstructorAccessorImpl.java:45)
at java.base/java.lang.reflect.Constructor.newInstanceWithCaller(Constructor.java:499)
at java.base/java.lang.reflect.Constructor.newInstance(Constructor.java:480)
at org.openqa.selenium.remote.codec.w3c.W3CHttpResponseCodec.createException(W3CHttpResponseCodec.java:185)
at org.openqa.selenium.remote.codec.w3c.W3CHttpResponseCodec.decode(W3CHttpResponseCodec.java:134)
at org.openqa.selenium.remote.codec.w3c.W3CHttpResponseCodec.decode(W3CHttpResponseCodec.java:51)
at org.openqa.selenium.remote.HttpCommandExecutor.execute(HttpCommandExecutor.java:190)
at org.openqa.selenium.remote.TracedCommandExecutor.execute(TracedCommandExecutor.java:51)
at org.openqa.selenium.remote.RemoteWebDriver.execute(RemoteWebDriver.java:519)
at org.openqa.selenium.remote.RemoteWebElement.execute(RemoteWebElement.java:223)
at org.openqa.selenium.remote.RemoteWebElement.click(RemoteWebElement.java:76)
at java.base/jdk.internal.reflect.NativeMethodAccessorImpl.invoke0(Native Method)
at java.base/jdk.internal.reflect.NativeMethodAccessorImpl.invoke(NativeMethodAccessorImpl.java:77)
at java.base/jdk.internal.reflect.DelegatingMethodAccessorImpl.invoke(DelegatingMethodAccessorImpl.java:43)
at java.base/java.lang.reflect.Method.invoke(Method.java:568)
at org.openqa.selenium.support.pagefactory.internal.LocatingElementHandler.invoke(LocatingElementHandler.java:51)
at jdk.proxy2/jdk.proxy2.$Proxy30.click(Unknown Source)
at PageObject.java.HomePage.CoursesForCampus(HomePage.java:95)
at TestCases.TC003_Form.ForCampus(TC003_Form.java:44)
at java.base/jdk.internal.reflect.NativeMethodAccessorImpl.invoke0(Native Method)
at java.base/jdk.internal.reflect.NativeMethodAccessorImpl.invoke(NativeMethodAccessorImpl.java:77)
at java.base/jdk.internal.reflect.DelegatingMethodAccessorImpl.invoke(DelegatingMethodAccessorImpl.java:43)
at java.base/java.lang.reflect.Method.invoke(Method.java:568)
at org.testng.internal.MethodInvocationHelper.invokeMethod(MethodInvocationHelper.java:133)
at org.testng.internal.TestInvoker.invokeMethod(TestInvoker.java:598)
at org.testng.internal.TestInvoker.invokeTestMethod(TestInvoker.java:173)
at org.testng.internal.MethodRunner.runInSequence(MethodRunner.java:46)
at org.testng.internal.TestInvoker$MethodInvocationAgent.invoke(TestInvoker.java:824)
at org.testng.internal.TestInvoker.invokeTestMethods(TestInvoker.java:146)
at org.testng.internal.TestMethodWorker.invokeTestMethods(TestMethodWorker.java:146)
at org.testng.internal.TestMethodWorker.run(TestMethodWorker.java:128)
at java.base/java.util.ArrayList.forEach(ArrayList.java:1511)
at org.testng.TestRunner.privateRun(TestRunner.java:794)
at org.testng.TestRunner.run(TestRunner.java:596)
at org.testng.SuiteRunner.runTest(SuiteRunner.java:377)
at org.testng.SuiteRunner.runSequentially(SuiteRunner.java:371)
at org.testng.SuiteRunner.privateRun(SuiteRunner.java:332)
at org.testng.SuiteRunner.run(SuiteRunner.java:276)
at org.testng.SuiteRunnerWorker.runSuite(SuiteRunnerWorker.java:53)
at org.testng.SuiteRunnerWorker.run(SuiteRunnerWorker.java:96)
at org.testng.TestNG.runSuitesSequentially(TestNG.java:1212)
at org.testng.TestNG.runSuitesLocally(TestNG.java:1134)
at org.testng.TestNG.runSuites(TestNG.java:1063)
at org.testng.TestNG.run(TestNG.java:1031)
at org.testng.remote.AbstractRemoteTestNG.run(AbstractRemoteTestNG.java:115)
at org.testng.remote.RemoteTestNG.initAndRun(RemoteTestNG.java:251)
at org.testng.remote.RemoteTestNG.main(RemoteTestNG.java:77)
]]>
            </full-stacktrace>
          </exception> <!-- org.openqa.selenium.ElementClickInterceptedException -->
          <reporter-output>
          </reporter-output>
        </test-method> <!-- ForCampus -->
        <test-method signature="Form()[pri:12, instance:TestCases.TC003_Form@506ae4d4]" started-at="2024-02-27T22:06:06 IST" name="Form" finished-at="2024-02-27T22:06:06 IST" duration-ms="37" status="FAIL">
          <exception class="java.lang.AssertionError">
            <message>
              <![CDATA[expected [Online Learning Platform for Universities | Coursera] but found [Employee Training and Development Programs | Coursera for Business]]]>
            </message>
            <full-stacktrace>
              <![CDATA[java.lang.AssertionError: expected [Online Learning Platform for Universities | Coursera] but found [Employee Training and Development Programs | Coursera for Business]
at org.testng.Assert.fail(Assert.java:99)
at org.testng.Assert.failNotEquals(Assert.java:1037)
at org.testng.Assert.assertEqualsImpl(Assert.java:140)
at org.testng.Assert.assertEquals(Assert.java:122)
at org.testng.Assert.assertEquals(Assert.java:629)
at org.testng.Assert.assertEquals(Assert.java:639)
at TestCases.TC003_Form.Form(TC003_Form.java:51)
at java.base/jdk.internal.reflect.NativeMethodAccessorImpl.invoke0(Native Method)
at java.base/jdk.internal.reflect.NativeMethodAccessorImpl.invoke(NativeMethodAccessorImpl.java:77)
at java.base/jdk.internal.reflect.DelegatingMethodAccessorImpl.invoke(DelegatingMethodAccessorImpl.java:43)
at java.base/java.lang.reflect.Method.invoke(Method.java:568)
at org.testng.internal.MethodInvocationHelper.invokeMethod(MethodInvocationHelper.java:133)
at org.testng.internal.TestInvoker.invokeMethod(TestInvoker.java:598)
at org.testng.internal.TestInvoker.invokeTestMethod(TestInvoker.java:173)
at org.testng.internal.MethodRunner.runInSequence(MethodRunner.java:46)
at org.testng.internal.TestInvoker$MethodInvocationAgent.invoke(TestInvoker.java:824)
at org.testng.internal.TestInvoker.invokeTestMethods(TestInvoker.java:146)
at org.testng.internal.TestMethodWorker.invokeTestMethods(TestMethodWorker.java:146)
at org.testng.internal.TestMethodWorker.run(TestMethodWorker.java:128)
at java.base/java.util.ArrayList.forEach(ArrayList.java:1511)
at org.testng.TestRunner.privateRun(TestRunner.java:794)
at org.testng.TestRunner.run(TestRunner.java:596)
at org.testng.SuiteRunner.runTest(SuiteRunner.java:377)
at org.testng.SuiteRunner.runSequentially(SuiteRunner.java:371)
at org.testng.SuiteRunner.privateRun(SuiteRunner.java:332)
at org.testng.SuiteRunner.run(SuiteRunner.java:276)
at org.testng.SuiteRunnerWorker.runSuite(SuiteRunnerWorker.java:53)
at org.testng.SuiteRunnerWorker.run(SuiteRunnerWorker.java:96)
at org.testng.TestNG.runSuitesSequentially(TestNG.java:1212)
at org.testng.TestNG.runSuitesLocally(TestNG.java:1134)
at org.testng.TestNG.runSuites(TestNG.java:1063)
at org.testng.TestNG.run(TestNG.java:1031)
at org.testng.remote.AbstractRemoteTestNG.run(AbstractRemoteTestNG.java:115)
at org.testng.remote.RemoteTestNG.initAndRun(RemoteTestNG.java:251)
at org.testng.remote.RemoteTestNG.main(RemoteTestNG.java:77)
]]>
            </full-stacktrace>
          </exception> <!-- java.lang.AssertionError -->
          <reporter-output>
          </reporter-output>
        </test-method> <!-- Form -->
        <test-method signature="FormSubmit()[pri:13, instance:TestCases.TC003_Form@506ae4d4]" started-at="2024-02-27T22:06:06 IST" name="FormSubmit" finished-at="2024-02-27T22:06:11 IST" duration-ms="5113" status="FAIL">
          <exception class="org.openqa.selenium.NoSuchElementException">
            <message>
              <![CDATA[no such element: Unable to locate element: {"method":"xpath","selector":"//span[@class='mktoButtonWrap mktoRound']"}
  (Session info: chrome=120.0.6099.130)
For documentation on this error, please visit: https://www.selenium.dev/documentation/webdriver/troubleshooting/errors#no-such-element-exception
Build info: version: '4.17.0', revision: 'e52b1be057*'
System info: os.name: 'Windows 11', os.arch: 'amd64', os.version: '10.0', java.version: '17.0.9'
Driver info: org.openqa.selenium.remote.RemoteWebDriver
Command: [38850e29936ef96301c020082054d5c3, findElement {using=xpath, value=//span[@class='mktoButtonWrap mktoRound']}]
Capabilities {acceptInsecureCerts: false, browserName: chrome, browserVersion: 120.0.6099.130, chrome: {chromedriverVersion: 120.0.6099.109 (3419140ab66..., userDataDir: C:\Users\2303703\AppData\Lo...}, fedcm:accounts: true, goog:chromeOptions: {debuggerAddress: localhost:62009}, networkConnectionEnabled: false, pageLoadStrategy: normal, platformName: Windows 11, proxy: Proxy(), se:bidiEnabled: false, se:cdp: ws://192.168.43.145:4444/se..., se:cdpVersion: 120.0.6099.130, setWindowRect: true, strictFileInteractability: false, timeouts: {implicit: 0, pageLoad: 300000, script: 30000}, unhandledPromptBehavior: dismiss and notify, webauthn:extension:credBlob: true, webauthn:extension:largeBlob: true, webauthn:extension:minPinLength: true, webauthn:extension:prf: true, webauthn:virtualAuthenticators: true}
Session ID: 38850e29936ef96301c020082054d5c3]]>
            </message>
            <full-stacktrace>
              <![CDATA[org.openqa.selenium.NoSuchElementException: no such element: Unable to locate element: {"method":"xpath","selector":"//span[@class='mktoButtonWrap mktoRound']"}
  (Session info: chrome=120.0.6099.130)
For documentation on this error, please visit: https://www.selenium.dev/documentation/webdriver/troubleshooting/errors#no-such-element-exception
Build info: version: '4.17.0', revision: 'e52b1be057*'
System info: os.name: 'Windows 11', os.arch: 'amd64', os.version: '10.0', java.version: '17.0.9'
Driver info: org.openqa.selenium.remote.RemoteWebDriver
Command: [38850e29936ef96301c020082054d5c3, findElement {using=xpath, value=//span[@class='mktoButtonWrap mktoRound']}]
Capabilities {acceptInsecureCerts: false, browserName: chrome, browserVersion: 120.0.6099.130, chrome: {chromedriverVersion: 120.0.6099.109 (3419140ab66..., userDataDir: C:\Users\2303703\AppData\Lo...}, fedcm:accounts: true, goog:chromeOptions: {debuggerAddress: localhost:62009}, networkConnectionEnabled: false, pageLoadStrategy: normal, platformName: Windows 11, proxy: Proxy(), se:bidiEnabled: false, se:cdp: ws://192.168.43.145:4444/se..., se:cdpVersion: 120.0.6099.130, setWindowRect: true, strictFileInteractability: false, timeouts: {implicit: 0, pageLoad: 300000, script: 30000}, unhandledPromptBehavior: dismiss and notify, webauthn:extension:credBlob: true, webauthn:extension:largeBlob: true, webauthn:extension:minPinLength: true, webauthn:extension:prf: true, webauthn:virtualAuthenticators: true}
Session ID: 38850e29936ef96301c020082054d5c3
at java.base/jdk.internal.reflect.NativeConstructorAccessorImpl.newInstance0(Native Method)
at java.base/jdk.internal.reflect.NativeConstructorAccessorImpl.newInstance(NativeConstructorAccessorImpl.java:77)
at java.base/jdk.internal.reflect.DelegatingConstructorAccessorImpl.newInstance(DelegatingConstructorAccessorImpl.java:45)
at java.base/java.lang.reflect.Constructor.newInstanceWithCaller(Constructor.java:499)
at java.base/java.lang.reflect.Constructor.newInstance(Constructor.java:480)
at org.openqa.selenium.remote.codec.w3c.W3CHttpResponseCodec.createException(W3CHttpResponseCodec.java:185)
at org.openqa.selenium.remote.codec.w3c.W3CHttpResponseCodec.decode(W3CHttpResponseCodec.java:134)
at org.openqa.selenium.remote.codec.w3c.W3CHttpResponseCodec.decode(W3CHttpResponseCodec.java:51)
at org.openqa.selenium.remote.HttpCommandExecutor.execute(HttpCommandExecutor.java:190)
at org.openqa.selenium.remote.TracedCommandExecutor.execute(TracedCommandExecutor.java:51)
at org.openqa.selenium.remote.RemoteWebDriver.execute(RemoteWebDriver.java:519)
at org.openqa.selenium.remote.ElementLocation$ElementFinder$2.findElement(ElementLocation.java:165)
at org.openqa.selenium.remote.ElementLocation.findElement(ElementLocation.java:59)
at org.openqa.selenium.remote.RemoteWebDriver.findElement(RemoteWebDriver.java:356)
at org.openqa.selenium.remote.RemoteWebDriver.findElement(RemoteWebDriver.java:350)
at org.openqa.selenium.support.pagefactory.DefaultElementLocator.findElement(DefaultElementLocator.java:68)
at org.openqa.selenium.support.pagefactory.internal.LocatingElementHandler.invoke(LocatingElementHandler.java:38)
at jdk.proxy2/jdk.proxy2.$Proxy30.click(Unknown Source)
at PageObject.java.HomePage.button(HomePage.java:140)
at TestCases.TC003_Form.FormSubmit(TC003_Form.java:65)
at java.base/jdk.internal.reflect.NativeMethodAccessorImpl.invoke0(Native Method)
at java.base/jdk.internal.reflect.NativeMethodAccessorImpl.invoke(NativeMethodAccessorImpl.java:77)
at java.base/jdk.internal.reflect.DelegatingMethodAccessorImpl.invoke(DelegatingMethodAccessorImpl.java:43)
at java.base/java.lang.reflect.Method.invoke(Method.java:568)
at org.testng.internal.MethodInvocationHelper.invokeMethod(MethodInvocationHelper.java:133)
at org.testng.internal.TestInvoker.invokeMethod(TestInvoker.java:598)
at org.testng.internal.TestInvoker.invokeTestMethod(TestInvoker.java:173)
at org.testng.internal.MethodRunner.runInSequence(MethodRunner.java:46)
at org.testng.internal.TestInvoker$MethodInvocationAgent.invoke(TestInvoker.java:824)
at org.testng.internal.TestInvoker.invokeTestMethods(TestInvoker.java:146)
at org.testng.internal.TestMethodWorker.invokeTestMethods(TestMethodWorker.java:146)
at org.testng.internal.TestMethodWorker.run(TestMethodWorker.java:128)
at java.base/java.util.ArrayList.forEach(ArrayList.java:1511)
at org.testng.TestRunner.privateRun(TestRunner.java:794)
at org.testng.TestRunner.run(TestRunner.java:596)
at org.testng.SuiteRunner.runTest(SuiteRunner.java:377)
at org.testng.SuiteRunner.runSequentially(SuiteRunner.java:371)
at org.testng.SuiteRunner.privateRun(SuiteRunner.java:332)
at org.testng.SuiteRunner.run(SuiteRunner.java:276)
at org.testng.SuiteRunnerWorker.runSuite(SuiteRunnerWorker.java:53)
at org.testng.SuiteRunnerWorker.run(SuiteRunnerWorker.java:96)
at org.testng.TestNG.runSuitesSequentially(TestNG.java:1212)
at org.testng.TestNG.runSuitesLocally(TestNG.java:1134)
at org.testng.TestNG.runSuites(TestNG.java:1063)
at org.testng.TestNG.run(TestNG.java:1031)
at org.testng.remote.AbstractRemoteTestNG.run(AbstractRemoteTestNG.java:115)
at org.testng.remote.RemoteTestNG.initAndRun(RemoteTestNG.java:251)
at org.testng.remote.RemoteTestNG.main(RemoteTestNG.java:77)
]]>
            </full-stacktrace>
          </exception> <!-- org.openqa.selenium.NoSuchElementException -->
          <reporter-output>
          </reporter-output>
        </test-method> <!-- FormSubmit -->
        <test-method signature="CaptureError()[pri:14, instance:TestCases.TC003_Form@506ae4d4]" started-at="2024-02-27T22:06:12 IST" name="CaptureError" finished-at="2024-02-27T22:06:17 IST" duration-ms="5085" status="FAIL">
          <exception class="org.openqa.selenium.NoSuchElementException">
            <message>
              <![CDATA[no such element: Unable to locate element: {"method":"xpath","selector":"//div[@id='ValidMsgEmail']"}
  (Session info: chrome=120.0.6099.130)
For documentation on this error, please visit: https://www.selenium.dev/documentation/webdriver/troubleshooting/errors#no-such-element-exception
Build info: version: '4.17.0', revision: 'e52b1be057*'
System info: os.name: 'Windows 11', os.arch: 'amd64', os.version: '10.0', java.version: '17.0.9'
Driver info: org.openqa.selenium.remote.RemoteWebDriver
Command: [38850e29936ef96301c020082054d5c3, findElement {using=xpath, value=//div[@id='ValidMsgEmail']}]
Capabilities {acceptInsecureCerts: false, browserName: chrome, browserVersion: 120.0.6099.130, chrome: {chromedriverVersion: 120.0.6099.109 (3419140ab66..., userDataDir: C:\Users\2303703\AppData\Lo...}, fedcm:accounts: true, goog:chromeOptions: {debuggerAddress: localhost:62009}, networkConnectionEnabled: false, pageLoadStrategy: normal, platformName: Windows 11, proxy: Proxy(), se:bidiEnabled: false, se:cdp: ws://192.168.43.145:4444/se..., se:cdpVersion: 120.0.6099.130, setWindowRect: true, strictFileInteractability: false, timeouts: {implicit: 0, pageLoad: 300000, script: 30000}, unhandledPromptBehavior: dismiss and notify, webauthn:extension:credBlob: true, webauthn:extension:largeBlob: true, webauthn:extension:minPinLength: true, webauthn:extension:prf: true, webauthn:virtualAuthenticators: true}
Session ID: 38850e29936ef96301c020082054d5c3]]>
            </message>
            <full-stacktrace>
              <![CDATA[org.openqa.selenium.NoSuchElementException: no such element: Unable to locate element: {"method":"xpath","selector":"//div[@id='ValidMsgEmail']"}
  (Session info: chrome=120.0.6099.130)
For documentation on this error, please visit: https://www.selenium.dev/documentation/webdriver/troubleshooting/errors#no-such-element-exception
Build info: version: '4.17.0', revision: 'e52b1be057*'
System info: os.name: 'Windows 11', os.arch: 'amd64', os.version: '10.0', java.version: '17.0.9'
Driver info: org.openqa.selenium.remote.RemoteWebDriver
Command: [38850e29936ef96301c020082054d5c3, findElement {using=xpath, value=//div[@id='ValidMsgEmail']}]
Capabilities {acceptInsecureCerts: false, browserName: chrome, browserVersion: 120.0.6099.130, chrome: {chromedriverVersion: 120.0.6099.109 (3419140ab66..., userDataDir: C:\Users\2303703\AppData\Lo...}, fedcm:accounts: true, goog:chromeOptions: {debuggerAddress: localhost:62009}, networkConnectionEnabled: false, pageLoadStrategy: normal, platformName: Windows 11, proxy: Proxy(), se:bidiEnabled: false, se:cdp: ws://192.168.43.145:4444/se..., se:cdpVersion: 120.0.6099.130, setWindowRect: true, strictFileInteractability: false, timeouts: {implicit: 0, pageLoad: 300000, script: 30000}, unhandledPromptBehavior: dismiss and notify, webauthn:extension:credBlob: true, webauthn:extension:largeBlob: true, webauthn:extension:minPinLength: true, webauthn:extension:prf: true, webauthn:virtualAuthenticators: true}
Session ID: 38850e29936ef96301c020082054d5c3
at java.base/jdk.internal.reflect.NativeConstructorAccessorImpl.newInstance0(Native Method)
at java.base/jdk.internal.reflect.NativeConstructorAccessorImpl.newInstance(NativeConstructorAccessorImpl.java:77)
at java.base/jdk.internal.reflect.DelegatingConstructorAccessorImpl.newInstance(DelegatingConstructorAccessorImpl.java:45)
at java.base/java.lang.reflect.Constructor.newInstanceWithCaller(Constructor.java:499)
at java.base/java.lang.reflect.Constructor.newInstance(Constructor.java:480)
at org.openqa.selenium.remote.codec.w3c.W3CHttpResponseCodec.createException(W3CHttpResponseCodec.java:185)
at org.openqa.selenium.remote.codec.w3c.W3CHttpResponseCodec.decode(W3CHttpResponseCodec.java:134)
at org.openqa.selenium.remote.codec.w3c.W3CHttpResponseCodec.decode(W3CHttpResponseCodec.java:51)
at org.openqa.selenium.remote.HttpCommandExecutor.execute(HttpCommandExecutor.java:190)
at org.openqa.selenium.remote.TracedCommandExecutor.execute(TracedCommandExecutor.java:51)
at org.openqa.selenium.remote.RemoteWebDriver.execute(RemoteWebDriver.java:519)
at org.openqa.selenium.remote.ElementLocation$ElementFinder$2.findElement(ElementLocation.java:165)
at org.openqa.selenium.remote.ElementLocation.findElement(ElementLocation.java:59)
at org.openqa.selenium.remote.RemoteWebDriver.findElement(RemoteWebDriver.java:356)
at org.openqa.selenium.remote.RemoteWebDriver.findElement(RemoteWebDriver.java:350)
at org.openqa.selenium.support.pagefactory.DefaultElementLocator.findElement(DefaultElementLocator.java:68)
at org.openqa.selenium.support.pagefactory.internal.LocatingElementHandler.invoke(LocatingElementHandler.java:38)
at jdk.proxy2/jdk.proxy2.$Proxy30.getText(Unknown Source)
at PageObject.java.HomePage.ErrorMessage(HomePage.java:146)
at TestCases.TC003_Form.CaptureError(TC003_Form.java:73)
at java.base/jdk.internal.reflect.NativeMethodAccessorImpl.invoke0(Native Method)
at java.base/jdk.internal.reflect.NativeMethodAccessorImpl.invoke(NativeMethodAccessorImpl.java:77)
at java.base/jdk.internal.reflect.DelegatingMethodAccessorImpl.invoke(DelegatingMethodAccessorImpl.java:43)
at java.base/java.lang.reflect.Method.invoke(Method.java:568)
at org.testng.internal.MethodInvocationHelper.invokeMethod(MethodInvocationHelper.java:133)
at org.testng.internal.TestInvoker.invokeMethod(TestInvoker.java:598)
at org.testng.internal.TestInvoker.invokeTestMethod(TestInvoker.java:173)
at org.testng.internal.MethodRunner.runInSequence(MethodRunner.java:46)
at org.testng.internal.TestInvoker$MethodInvocationAgent.invoke(TestInvoker.java:824)
at org.testng.internal.TestInvoker.invokeTestMethods(TestInvoker.java:146)
at org.testng.internal.TestMethodWorker.invokeTestMethods(TestMethodWorker.java:146)
at org.testng.internal.TestMethodWorker.run(TestMethodWorker.java:128)
at java.base/java.util.ArrayList.forEach(ArrayList.java:1511)
at org.testng.TestRunner.privateRun(TestRunner.java:794)
at org.testng.TestRunner.run(TestRunner.java:596)
at org.testng.SuiteRunner.runTest(SuiteRunner.java:377)
at org.testng.SuiteRunner.runSequentially(SuiteRunner.java:371)
at org.testng.SuiteRunner.privateRun(SuiteRunner.java:332)
at org.testng.SuiteRunner.run(SuiteRunner.java:276)
at org.testng.SuiteRunnerWorker.runSuite(SuiteRunnerWorker.java:53)
at org.testng.SuiteRunnerWorker.run(SuiteRunnerWorker.java:96)
at org.testng.TestNG.runSuitesSequentially(TestNG.java:1212)
at org.testng.TestNG.runSuitesLocally(TestNG.java:1134)
at org.testng.TestNG.runSuites(TestNG.java:1063)
at org.testng.TestNG.run(TestNG.java:1031)
at org.testng.remote.AbstractRemoteTestNG.run(AbstractRemoteTestNG.java:115)
at org.testng.remote.RemoteTestNG.initAndRun(RemoteTestNG.java:251)
at org.testng.remote.RemoteTestNG.main(RemoteTestNG.java:77)
]]>
            </full-stacktrace>
          </exception> <!-- org.openqa.selenium.NoSuchElementException -->
          <reporter-output>
          </reporter-output>
        </test-method> <!-- CaptureError -->
      </class> <!-- TestCases.TC003_Form -->
    </test> <!-- Test -->
  </suite> <!-- Suite -->
</testng-results>
